# JRE version: OpenJDK Runtime Environment AdoptOpenJDK (11.0.8+10) (build 11.0.8+10)
# Java VM: OpenJDK 64-Bit Server VM AdoptOpenJDK (11.0.8+10, mixed mode, tiered, compressed oops, g1 gc, bsd-amd64)
Heap:
 garbage-first heap   total 630784K, used 25739K [0x0000000600000000, 0x0000000800000000)
  region size 2048K, 8 young (16384K), 4 survivors (8192K)
 Metaspace       used 34862K, capacity 35930K, committed 36096K, reserved 1081344K
  class space    used 4635K, capacity 5028K, committed 5120K, reserved 1048576K
GC Heap History (10 events):
Event: 0.870 GC heap before
{Heap before GC invocations=0 (full 0):
 garbage-first heap   total 524288K, used 22528K [0x0000000600000000, 0x0000000800000000)
  region size 2048K, 12 young (24576K), 0 survivors (0K)
 Metaspace       used 13827K, capacity 14074K, committed 14208K, reserved 1062912K
  class space    used 1521K, capacity 1609K, committed 1664K, reserved 1048576K
}
Event: 0.875 GC heap after
{Heap after GC invocations=1 (full 0):
 garbage-first heap   total 524288K, used 3542K [0x0000000600000000, 0x0000000800000000)
  region size 2048K, 2 young (4096K), 2 survivors (4096K)
 Metaspace       used 13827K, capacity 14074K, committed 14208K, reserved 1062912K
  class space    used 1521K, capacity 1609K, committed 1664K, reserved 1048576K
}
Event: 1.851 GC heap before
{Heap before GC invocations=1 (full 0):
 garbage-first heap   total 524288K, used 46550K [0x0000000600000000, 0x0000000800000000)
  region size 2048K, 25 young (51200K), 2 survivors (4096K)
 Metaspace       used 20458K, capacity 21099K, committed 21248K, reserved 1067008K
  class space    used 2584K, capacity 2778K, committed 2816K, reserved 1048576K
}
Event: 1.860 GC heap after
{Heap after GC invocations=2 (full 0):
 garbage-first heap   total 524288K, used 9229K [0x0000000600000000, 0x0000000800000000)
  region size 2048K, 5 young (10240K), 5 survivors (10240K)
 Metaspace       used 20458K, capacity 21099K, committed 21248K, reserved 1067008K
  class space    used 2584K, capacity 2778K, committed 2816K, reserved 1048576K
}
Event: 2.303 GC heap before
{Heap before GC invocations=3 (full 0):
 garbage-first heap   total 524288K, used 68621K [0x0000000600000000, 0x0000000800000000)
  region size 2048K, 34 young (69632K), 5 survivors (10240K)
 Metaspace       used 25891K, capacity 26658K, committed 27136K, reserved 1073152K
  class space    used 3246K, capacity 3495K, committed 3584K, reserved 1048576K
}
Event: 2.310 GC heap after
{Heap after GC invocations=4 (full 0):
 garbage-first heap   total 524288K, used 11215K [0x0000000600000000, 0x0000000800000000)
  region size 2048K, 4 young (8192K), 4 survivors (8192K)
 Metaspace       used 25891K, capacity 26658K, committed 27136K, reserved 1073152K
  class space    used 3246K, capacity 3495K, committed 3584K, reserved 1048576K
}
Event: 3.048 GC heap before
{Heap before GC invocations=4 (full 0):
 garbage-first heap   total 524288K, used 93135K [0x0000000600000000, 0x0000000800000000)
  region size 2048K, 44 young (90112K), 4 survivors (8192K)
 Metaspace       used 32921K, capacity 33782K, committed 34048K, reserved 1079296K
  class space    used 4287K, capacity 4563K, committed 4608K, reserved 1048576K
}
Event: 3.058 GC heap after
{Heap after GC invocations=5 (full 0):
 garbage-first heap   total 524288K, used 18275K [0x0000000600000000, 0x0000000800000000)
  region size 2048K, 5 young (10240K), 5 survivors (10240K)
 Metaspace       used 32921K, capacity 33782K, committed 34048K, reserved 1079296K
  class space    used 4287K, capacity 4563K, committed 4608K, reserved 1048576K
}
Event: 3.218 GC heap before
{Heap before GC invocations=5 (full 0):
 garbage-first heap   total 524288K, used 24419K [0x0000000600000000, 0x0000000800000000)
  region size 2048K, 9 young (18432K), 5 survivors (10240K)
 Metaspace       used 34631K, capacity 35723K, committed 35840K, reserved 1079296K
  class space    used 4606K, capacity 5003K, committed 5120K, reserved 1048576K
}
Event: 3.225 GC heap after
{Heap after GC invocations=6 (full 0):
 garbage-first heap   total 630784K, used 19595K [0x0000000600000000, 0x0000000800000000)
  region size 2048K, 4 young (8192K), 4 survivors (8192K)
 Metaspace       used 34631K, capacity 35723K, committed 35840K, reserved 1079296K
  class space    used 4606K, capacity 5003K, committed 5120K, reserved 1048576K
}

